06/12/2024 04:00:50 PM - INFO - test_Logger -------------config---------------
06/12/2024 04:00:50 PM - INFO - test_Logger -------------config---------------
06/12/2024 04:00:50 PM - INFO - test_Logger -------------setup---------------
06/12/2024 04:00:50 PM - INFO - test_Logger -------------setup---------------
06/12/2024 04:01:14 PM - INFO - test_Logger -------------TC001---------------
06/12/2024 04:01:14 PM - INFO - test_Logger -------------TC001---------------
06/12/2024 04:01:14 PM - INFO - test_Logger -TESTCASE INITIALIZED
06/12/2024 04:01:14 PM - INFO - test_Logger -TESTCASE INITIALIZED
06/12/2024 04:01:15 PM - INFO - test_Logger -Navigated to Sign In Page
06/12/2024 04:01:15 PM - INFO - test_Logger -Navigated to Sign In Page
06/12/2024 04:01:15 PM - INFO - test_Logger -Entered email: user11@gmail.com
06/12/2024 04:01:15 PM - INFO - test_Logger -Entered email: user11@gmail.com
06/12/2024 04:01:18 PM - INFO - test_Logger -Clicked Create Account button
06/12/2024 04:01:18 PM - INFO - test_Logger -Clicked Create Account button
06/12/2024 04:01:35 PM - INFO - test_Logger -------------test finished---------------
06/12/2024 04:01:35 PM - INFO - test_Logger -------------test finished---------------
06/12/2024 04:02:51 PM - INFO - test_Logger -------------config---------------
06/12/2024 04:02:51 PM - INFO - test_Logger -------------config---------------
06/12/2024 04:02:51 PM - INFO - test_Logger -------------setup---------------
06/12/2024 04:02:51 PM - INFO - test_Logger -------------setup---------------
06/12/2024 04:03:10 PM - INFO - test_Logger -------------TC001---------------
06/12/2024 04:03:10 PM - INFO - test_Logger -------------TC001---------------
06/12/2024 04:03:10 PM - INFO - test_Logger -TESTCASE INITIALIZED
06/12/2024 04:03:10 PM - INFO - test_Logger -TESTCASE INITIALIZED
06/12/2024 04:03:12 PM - INFO - test_Logger -Navigated to Sign In Page
06/12/2024 04:03:12 PM - INFO - test_Logger -Navigated to Sign In Page
06/12/2024 04:03:12 PM - INFO - test_Logger -Entered email: user11@gmail.com
06/12/2024 04:03:12 PM - INFO - test_Logger -Entered email: user11@gmail.com
06/12/2024 04:03:14 PM - INFO - test_Logger -Clicked Create Account button
06/12/2024 04:03:14 PM - INFO - test_Logger -Clicked Create Account button
06/12/2024 04:03:46 PM - INFO - test_Logger -------------test finished---------------
06/12/2024 04:03:46 PM - INFO - test_Logger -------------test finished---------------
06/12/2024 04:13:13 PM - INFO - test_Logger -------------config---------------
06/12/2024 04:13:13 PM - INFO - test_Logger -------------config---------------
06/12/2024 04:13:13 PM - INFO - test_Logger -------------setup---------------
06/12/2024 04:13:13 PM - INFO - test_Logger -------------setup---------------
06/12/2024 04:38:45 PM - INFO - test_Logger -------------config---------------
06/12/2024 04:38:45 PM - INFO - test_Logger -------------config---------------
06/12/2024 04:38:45 PM - INFO - test_Logger -------------setup---------------
06/12/2024 04:38:45 PM - INFO - test_Logger -------------setup---------------
06/12/2024 04:39:08 PM - INFO - test_Logger -------------TC001---------------
06/12/2024 04:39:08 PM - INFO - test_Logger -------------TC001---------------
06/12/2024 04:39:08 PM - INFO - test_Logger -TESTCASE INITIALIZED
06/12/2024 04:39:08 PM - INFO - test_Logger -TESTCASE INITIALIZED
06/12/2024 04:39:10 PM - INFO - test_Logger -Navigated to Sign In Page
06/12/2024 04:39:10 PM - INFO - test_Logger -Navigated to Sign In Page
06/12/2024 04:39:11 PM - INFO - test_Logger -Entered email: user11@gmail.com
06/12/2024 04:39:11 PM - INFO - test_Logger -Entered email: user11@gmail.com
06/12/2024 04:39:13 PM - INFO - test_Logger -Clicked Create Account button
06/12/2024 04:39:13 PM - INFO - test_Logger -Clicked Create Account button
06/12/2024 04:39:29 PM - INFO - test_Logger -------------test finished---------------
06/12/2024 04:39:29 PM - INFO - test_Logger -------------test finished---------------
06/12/2024 04:46:05 PM - INFO - test_Logger -------------config---------------
06/12/2024 04:46:05 PM - INFO - test_Logger -------------config---------------
06/12/2024 04:46:05 PM - INFO - test_Logger -------------setup---------------
06/12/2024 04:46:05 PM - INFO - test_Logger -------------setup---------------
06/12/2024 04:46:24 PM - INFO - test_Logger -------------TC001---------------
06/12/2024 04:46:24 PM - INFO - test_Logger -------------TC001---------------
06/12/2024 04:46:24 PM - INFO - test_Logger -TESTCASE INITIALIZED
06/12/2024 04:46:24 PM - INFO - test_Logger -TESTCASE INITIALIZED
06/12/2024 04:46:25 PM - INFO - test_Logger -Navigated to Sign In Page
06/12/2024 04:46:25 PM - INFO - test_Logger -Navigated to Sign In Page
06/12/2024 04:46:25 PM - INFO - test_Logger -Entered email: user11@gmail.com
06/12/2024 04:46:25 PM - INFO - test_Logger -Entered email: user11@gmail.com
06/12/2024 04:46:28 PM - INFO - test_Logger -Clicked Create Account button
06/12/2024 04:46:28 PM - INFO - test_Logger -Clicked Create Account button
06/12/2024 04:46:43 PM - INFO - test_Logger -------------test finished---------------
06/12/2024 04:46:43 PM - INFO - test_Logger -------------test finished---------------
06/12/2024 04:54:09 PM - INFO - test_Logger -------------config---------------
06/12/2024 04:54:09 PM - INFO - test_Logger -------------config---------------
06/12/2024 04:54:09 PM - INFO - test_Logger -------------setup---------------
06/12/2024 04:54:09 PM - INFO - test_Logger -------------setup---------------
06/12/2024 04:54:30 PM - INFO - test_Logger -------------TC001---------------
06/12/2024 04:54:30 PM - INFO - test_Logger -------------TC001---------------
06/12/2024 04:54:30 PM - INFO - test_Logger -TESTCASE INITIALIZED
06/12/2024 04:54:30 PM - INFO - test_Logger -TESTCASE INITIALIZED
06/12/2024 04:54:31 PM - INFO - test_Logger -Navigated to Sign In Page
06/12/2024 04:54:31 PM - INFO - test_Logger -Navigated to Sign In Page
06/12/2024 04:54:32 PM - INFO - test_Logger -Entered email: user11@gmail.com
06/12/2024 04:54:32 PM - INFO - test_Logger -Entered email: user11@gmail.com
06/12/2024 04:54:34 PM - INFO - test_Logger -Clicked Create Account button
06/12/2024 04:54:34 PM - INFO - test_Logger -Clicked Create Account button
06/12/2024 04:54:50 PM - INFO - test_Logger -------------test finished---------------
06/12/2024 04:54:50 PM - INFO - test_Logger -------------test finished---------------
06/12/2024 06:08:56 PM - INFO - test_Logger -------------config---------------
06/12/2024 06:08:56 PM - INFO - test_Logger -------------config---------------
06/12/2024 06:08:56 PM - INFO - test_Logger -------------setup---------------
06/12/2024 06:08:56 PM - INFO - test_Logger -------------setup---------------
06/12/2024 06:09:15 PM - INFO - test_Logger -------------TC001---------------
06/12/2024 06:09:15 PM - INFO - test_Logger -------------TC001---------------
06/12/2024 06:09:15 PM - INFO - test_Logger -TESTCASE INITIALIZED
06/12/2024 06:09:15 PM - INFO - test_Logger -TESTCASE INITIALIZED
06/12/2024 06:09:17 PM - INFO - test_Logger -Navigated to Sign In Page
06/12/2024 06:09:17 PM - INFO - test_Logger -Navigated to Sign In Page
06/12/2024 06:09:17 PM - INFO - test_Logger -Entered email: user11@gmail.com
06/12/2024 06:09:17 PM - INFO - test_Logger -Entered email: user11@gmail.com
06/12/2024 06:09:19 PM - INFO - test_Logger -Clicked Create Account button
06/12/2024 06:09:19 PM - INFO - test_Logger -Clicked Create Account button
06/12/2024 06:09:35 PM - INFO - test_Logger -------------test finished---------------
06/12/2024 06:09:35 PM - INFO - test_Logger -------------test finished---------------
06/12/2024 06:13:37 PM - INFO - test_Logger -------------config---------------
06/12/2024 06:13:37 PM - INFO - test_Logger -------------config---------------
06/12/2024 06:13:37 PM - INFO - test_Logger -------------setup---------------
06/12/2024 06:13:37 PM - INFO - test_Logger -------------setup---------------
06/12/2024 06:13:55 PM - INFO - test_Logger -------------TC001---------------
06/12/2024 06:13:55 PM - INFO - test_Logger -------------TC001---------------
06/12/2024 06:13:55 PM - INFO - test_Logger -TESTCASE INITIALIZED
06/12/2024 06:13:55 PM - INFO - test_Logger -TESTCASE INITIALIZED
06/12/2024 06:13:56 PM - INFO - test_Logger -Navigated to Sign In Page
06/12/2024 06:13:56 PM - INFO - test_Logger -Navigated to Sign In Page
06/12/2024 06:13:57 PM - INFO - test_Logger -Entered email: user11@gmail.com
06/12/2024 06:13:57 PM - INFO - test_Logger -Entered email: user11@gmail.com
06/12/2024 06:14:00 PM - INFO - test_Logger -Clicked Create Account button
06/12/2024 06:14:00 PM - INFO - test_Logger -Clicked Create Account button
06/12/2024 06:14:15 PM - INFO - test_Logger -------------test finished---------------
06/12/2024 06:14:15 PM - INFO - test_Logger -------------test finished---------------
06/12/2024 06:19:12 PM - INFO - test_Logger -------------config---------------
06/12/2024 06:19:12 PM - INFO - test_Logger -------------config---------------
06/12/2024 06:19:12 PM - INFO - test_Logger -------------setup---------------
06/12/2024 06:19:12 PM - INFO - test_Logger -------------setup---------------
06/12/2024 06:19:34 PM - INFO - test_Logger -------------TC001---------------
06/12/2024 06:19:34 PM - INFO - test_Logger -------------TC001---------------
06/12/2024 06:19:34 PM - INFO - test_Logger -TESTCASE INITIALIZED
06/12/2024 06:19:34 PM - INFO - test_Logger -TESTCASE INITIALIZED
06/12/2024 06:19:36 PM - INFO - test_Logger -Navigated to Sign In Page
06/12/2024 06:19:36 PM - INFO - test_Logger -Navigated to Sign In Page
06/12/2024 06:19:37 PM - INFO - test_Logger -Entered email: user11@gmail.com
06/12/2024 06:19:37 PM - INFO - test_Logger -Entered email: user11@gmail.com
06/12/2024 06:19:39 PM - INFO - test_Logger -Clicked Create Account button
06/12/2024 06:19:39 PM - INFO - test_Logger -Clicked Create Account button
06/12/2024 06:19:54 PM - INFO - test_Logger -------------test finished---------------
06/12/2024 06:19:54 PM - INFO - test_Logger -------------test finished---------------
06/12/2024 06:21:06 PM - INFO - test_Logger -------------config---------------
06/12/2024 06:21:06 PM - INFO - test_Logger -------------config---------------
06/12/2024 06:21:06 PM - INFO - test_Logger -------------setup---------------
06/12/2024 06:21:06 PM - INFO - test_Logger -------------setup---------------
06/12/2024 06:21:22 PM - INFO - test_Logger -------------TC001---------------
06/12/2024 06:21:22 PM - INFO - test_Logger -------------TC001---------------
06/12/2024 06:21:22 PM - INFO - test_Logger -TESTCASE INITIALIZED
06/12/2024 06:21:22 PM - INFO - test_Logger -TESTCASE INITIALIZED
06/12/2024 06:21:23 PM - INFO - test_Logger -Navigated to Sign In Page
06/12/2024 06:21:23 PM - INFO - test_Logger -Navigated to Sign In Page
06/12/2024 06:21:23 PM - INFO - test_Logger -Entered email: user11@gmail.com
06/12/2024 06:21:23 PM - INFO - test_Logger -Entered email: user11@gmail.com
06/12/2024 06:21:25 PM - INFO - test_Logger -Clicked Create Account button
06/12/2024 06:21:25 PM - INFO - test_Logger -Clicked Create Account button
06/12/2024 06:21:42 PM - INFO - test_Logger -------------test finished---------------
06/12/2024 06:21:42 PM - INFO - test_Logger -------------test finished---------------
06/12/2024 06:33:20 PM - INFO - test_Logger -------------config---------------
06/12/2024 06:33:20 PM - INFO - test_Logger -------------config---------------
06/12/2024 06:33:20 PM - INFO - test_Logger -------------setup---------------
06/12/2024 06:33:20 PM - INFO - test_Logger -------------setup---------------
06/12/2024 06:33:41 PM - INFO - test_Logger -------------TC001---------------
06/12/2024 06:33:41 PM - INFO - test_Logger -------------TC001---------------
06/12/2024 06:33:41 PM - INFO - test_Logger -TESTCASE INITIALIZED
06/12/2024 06:33:41 PM - INFO - test_Logger -TESTCASE INITIALIZED
06/12/2024 06:33:43 PM - INFO - test_Logger -Navigated to Sign In Page
06/12/2024 06:33:43 PM - INFO - test_Logger -Navigated to Sign In Page
06/12/2024 06:33:43 PM - INFO - test_Logger -Entered email: user11@gmail.com
06/12/2024 06:33:43 PM - INFO - test_Logger -Entered email: user11@gmail.com
06/12/2024 06:33:46 PM - INFO - test_Logger -Clicked Create Account button
06/12/2024 06:33:46 PM - INFO - test_Logger -Clicked Create Account button
06/12/2024 06:34:02 PM - INFO - test_Logger -------------test finished---------------
06/12/2024 06:34:02 PM - INFO - test_Logger -------------test finished---------------
06/12/2024 06:36:07 PM - INFO - test_Logger -------------config---------------
06/12/2024 06:36:07 PM - INFO - test_Logger -------------config---------------
06/12/2024 06:36:07 PM - INFO - test_Logger -------------setup---------------
06/12/2024 06:36:07 PM - INFO - test_Logger -------------setup---------------
06/12/2024 06:36:25 PM - INFO - test_Logger -------------TC001---------------
06/12/2024 06:36:25 PM - INFO - test_Logger -------------TC001---------------
06/12/2024 06:36:25 PM - INFO - test_Logger -TESTCASE INITIALIZED
06/12/2024 06:36:25 PM - INFO - test_Logger -TESTCASE INITIALIZED
06/12/2024 06:36:27 PM - INFO - test_Logger -Navigated to Sign In Page
06/12/2024 06:36:27 PM - INFO - test_Logger -Navigated to Sign In Page
06/12/2024 06:36:27 PM - INFO - test_Logger -Entered email: user11@gmail.com
06/12/2024 06:36:27 PM - INFO - test_Logger -Entered email: user11@gmail.com
06/12/2024 06:36:29 PM - INFO - test_Logger -Clicked Create Account button
06/12/2024 06:36:29 PM - INFO - test_Logger -Clicked Create Account button
06/12/2024 06:36:45 PM - INFO - test_Logger -------------test finished---------------
06/12/2024 06:36:45 PM - INFO - test_Logger -------------test finished---------------
06/12/2024 06:37:44 PM - INFO - test_Logger -------------config---------------
06/12/2024 06:37:44 PM - INFO - test_Logger -------------config---------------
06/12/2024 06:37:44 PM - INFO - test_Logger -------------setup---------------
06/12/2024 06:37:44 PM - INFO - test_Logger -------------setup---------------
06/12/2024 06:38:03 PM - INFO - test_Logger -------------TC001---------------
06/12/2024 06:38:03 PM - INFO - test_Logger -------------TC001---------------
06/12/2024 06:38:03 PM - INFO - test_Logger -TESTCASE INITIALIZED
06/12/2024 06:38:03 PM - INFO - test_Logger -TESTCASE INITIALIZED
06/12/2024 06:38:05 PM - INFO - test_Logger -Navigated to Sign In Page
06/12/2024 06:38:05 PM - INFO - test_Logger -Navigated to Sign In Page
06/12/2024 06:38:05 PM - INFO - test_Logger -Entered email: user11@gmail.com
06/12/2024 06:38:05 PM - INFO - test_Logger -Entered email: user11@gmail.com
06/12/2024 06:38:08 PM - INFO - test_Logger -Clicked Create Account button
06/12/2024 06:38:08 PM - INFO - test_Logger -Clicked Create Account button
06/12/2024 06:38:23 PM - INFO - test_Logger -------------test finished---------------
06/12/2024 06:38:23 PM - INFO - test_Logger -------------test finished---------------
06/12/2024 07:17:17 PM - INFO - test_Logger -------------config---------------
06/12/2024 07:17:17 PM - INFO - test_Logger -------------config---------------
06/12/2024 07:17:17 PM - INFO - test_Logger -------------setup---------------
06/12/2024 07:17:17 PM - INFO - test_Logger -------------setup---------------
06/12/2024 07:17:40 PM - INFO - test_Logger -------------TC001---------------
06/12/2024 07:17:40 PM - INFO - test_Logger -------------TC001---------------
06/12/2024 07:17:40 PM - INFO - test_Logger -TESTCASE INITIALIZED
06/12/2024 07:17:40 PM - INFO - test_Logger -TESTCASE INITIALIZED
06/12/2024 07:17:42 PM - INFO - test_Logger -Navigated to Sign In Page
06/12/2024 07:17:42 PM - INFO - test_Logger -Navigated to Sign In Page
06/12/2024 07:17:42 PM - INFO - test_Logger -Entered email: user11@gmail.com
06/12/2024 07:17:42 PM - INFO - test_Logger -Entered email: user11@gmail.com
06/12/2024 07:17:44 PM - INFO - test_Logger -Clicked Create Account button
06/12/2024 07:17:44 PM - INFO - test_Logger -Clicked Create Account button
06/12/2024 07:17:59 PM - INFO - test_Logger -------------test finished---------------
06/12/2024 07:17:59 PM - INFO - test_Logger -------------test finished---------------
06/12/2024 07:43:48 PM - INFO - test_Logger -------------config---------------
06/12/2024 07:43:48 PM - INFO - test_Logger -------------config---------------
06/12/2024 07:43:48 PM - INFO - test_Logger -------------setup---------------
06/12/2024 07:43:48 PM - INFO - test_Logger -------------setup---------------
06/12/2024 07:44:07 PM - INFO - test_Logger -------------TC001---------------
06/12/2024 07:44:07 PM - INFO - test_Logger -------------TC001---------------
06/12/2024 07:44:07 PM - INFO - test_Logger -TESTCASE INITIALIZED
06/12/2024 07:44:07 PM - INFO - test_Logger -TESTCASE INITIALIZED
06/12/2024 07:44:08 PM - INFO - test_Logger -Navigated to Sign In Page
06/12/2024 07:44:08 PM - INFO - test_Logger -Navigated to Sign In Page
06/12/2024 07:44:08 PM - INFO - test_Logger -Entered email: user11@gmail.com
06/12/2024 07:44:08 PM - INFO - test_Logger -Entered email: user11@gmail.com
06/12/2024 07:44:10 PM - INFO - test_Logger -Clicked Create Account button
06/12/2024 07:44:10 PM - INFO - test_Logger -Clicked Create Account button
06/12/2024 07:44:26 PM - INFO - test_Logger -------------test finished---------------
06/12/2024 07:44:26 PM - INFO - test_Logger -------------test finished---------------
06/12/2024 07:52:03 PM - INFO - test_Logger -------------config---------------
06/12/2024 07:52:03 PM - INFO - test_Logger -------------config---------------
06/12/2024 07:52:03 PM - INFO - test_Logger -------------setup---------------
06/12/2024 07:52:03 PM - INFO - test_Logger -------------setup---------------
06/12/2024 07:52:18 PM - INFO - test_Logger -------------TC001---------------
06/12/2024 07:52:18 PM - INFO - test_Logger -------------TC001---------------
06/12/2024 07:52:18 PM - INFO - test_Logger -TESTCASE INITIALIZED
06/12/2024 07:52:18 PM - INFO - test_Logger -TESTCASE INITIALIZED
06/12/2024 07:52:19 PM - INFO - test_Logger -Navigated to Sign In Page
06/12/2024 07:52:19 PM - INFO - test_Logger -Navigated to Sign In Page
06/12/2024 07:52:20 PM - INFO - test_Logger -Entered email: user20@gmail.com
06/12/2024 07:52:20 PM - INFO - test_Logger -Entered email: user20@gmail.com
06/12/2024 07:52:22 PM - INFO - test_Logger -Clicked Create Account button
06/12/2024 07:52:22 PM - INFO - test_Logger -Clicked Create Account button
06/12/2024 07:52:24 PM - INFO - test_Logger -Selected title: Mr
06/12/2024 07:52:24 PM - INFO - test_Logger -Selected title: Mr
06/12/2024 07:52:26 PM - INFO - test_Logger -Selected first name: sandip
06/12/2024 07:52:26 PM - INFO - test_Logger -Selected first name: sandip
06/12/2024 07:52:28 PM - INFO - test_Logger -Selected last name: thombare
06/12/2024 07:52:28 PM - INFO - test_Logger -Selected last name: thombare
06/12/2024 07:52:31 PM - INFO - test_Logger -Entered password
06/12/2024 07:52:31 PM - INFO - test_Logger -Entered password
06/12/2024 07:52:39 PM - INFO - test_Logger -------------test finished---------------
06/12/2024 07:52:39 PM - INFO - test_Logger -------------test finished---------------
06/12/2024 07:59:35 PM - INFO - test_Logger -------------config---------------
06/12/2024 07:59:35 PM - INFO - test_Logger -------------config---------------
06/12/2024 07:59:35 PM - INFO - test_Logger -------------setup---------------
06/12/2024 07:59:35 PM - INFO - test_Logger -------------setup---------------
06/12/2024 07:59:52 PM - INFO - test_Logger -------------TC001---------------
06/12/2024 07:59:52 PM - INFO - test_Logger -------------TC001---------------
06/12/2024 07:59:52 PM - INFO - test_Logger -TESTCASE INITIALIZED
06/12/2024 07:59:52 PM - INFO - test_Logger -TESTCASE INITIALIZED
06/12/2024 07:59:54 PM - INFO - test_Logger -Navigated to Sign In Page
06/12/2024 07:59:54 PM - INFO - test_Logger -Navigated to Sign In Page
06/12/2024 07:59:54 PM - INFO - test_Logger -Entered email: user20@gmail.com
06/12/2024 07:59:54 PM - INFO - test_Logger -Entered email: user20@gmail.com
06/12/2024 07:59:56 PM - INFO - test_Logger -Clicked Create Account button
06/12/2024 07:59:56 PM - INFO - test_Logger -Clicked Create Account button
06/12/2024 07:59:58 PM - INFO - test_Logger -Selected title: Mr
06/12/2024 07:59:58 PM - INFO - test_Logger -Selected title: Mr
06/12/2024 08:00:00 PM - INFO - test_Logger -Selected first name: sandip
06/12/2024 08:00:00 PM - INFO - test_Logger -Selected first name: sandip
06/12/2024 08:00:03 PM - INFO - test_Logger -Selected last name: thombare
06/12/2024 08:00:03 PM - INFO - test_Logger -Selected last name: thombare
06/12/2024 08:00:05 PM - INFO - test_Logger -Entered password
06/12/2024 08:00:05 PM - INFO - test_Logger -Entered password
06/12/2024 08:00:12 PM - INFO - test_Logger -------------test finished---------------
06/12/2024 08:00:12 PM - INFO - test_Logger -------------test finished---------------
06/12/2024 08:24:09 PM - INFO - test_Logger -------------config---------------
06/12/2024 08:24:09 PM - INFO - test_Logger -------------config---------------
06/12/2024 08:24:09 PM - INFO - test_Logger -------------setup---------------
06/12/2024 08:24:09 PM - INFO - test_Logger -------------setup---------------
06/12/2024 08:24:26 PM - INFO - test_Logger -------------TC001---------------
06/12/2024 08:24:26 PM - INFO - test_Logger -------------TC001---------------
06/12/2024 08:24:26 PM - INFO - test_Logger -TESTCASE INITIALIZED
06/12/2024 08:24:26 PM - INFO - test_Logger -TESTCASE INITIALIZED
06/12/2024 08:24:28 PM - INFO - test_Logger -Navigated to Sign In Page
06/12/2024 08:24:28 PM - INFO - test_Logger -Navigated to Sign In Page
06/12/2024 08:24:28 PM - INFO - test_Logger -Entered email: user20@gmail.com
06/12/2024 08:24:28 PM - INFO - test_Logger -Entered email: user20@gmail.com
06/12/2024 08:24:30 PM - INFO - test_Logger -Clicked Create Account button
06/12/2024 08:24:30 PM - INFO - test_Logger -Clicked Create Account button
06/12/2024 08:24:32 PM - INFO - test_Logger -Selected title: Mr
06/12/2024 08:24:32 PM - INFO - test_Logger -Selected title: Mr
06/12/2024 08:24:34 PM - INFO - test_Logger -Selected first name: sandip
06/12/2024 08:24:34 PM - INFO - test_Logger -Selected first name: sandip
06/12/2024 08:24:36 PM - INFO - test_Logger -Selected last name: thombare
06/12/2024 08:24:36 PM - INFO - test_Logger -Selected last name: thombare
06/12/2024 08:24:38 PM - INFO - test_Logger -Entered password
06/12/2024 08:24:38 PM - INFO - test_Logger -Entered password
06/12/2024 08:24:46 PM - INFO - test_Logger -------------test finished---------------
06/12/2024 08:24:46 PM - INFO - test_Logger -------------test finished---------------
06/12/2024 08:46:15 PM - INFO - test_Logger -------------config---------------
06/12/2024 08:46:15 PM - INFO - test_Logger -------------config---------------
06/12/2024 08:46:15 PM - INFO - test_Logger -------------setup---------------
06/12/2024 08:46:15 PM - INFO - test_Logger -------------setup---------------
06/12/2024 08:46:33 PM - INFO - test_Logger -------------TC001---------------
06/12/2024 08:46:33 PM - INFO - test_Logger -------------TC001---------------
06/12/2024 08:46:33 PM - INFO - test_Logger -TESTCASE INITIALIZED
06/12/2024 08:46:33 PM - INFO - test_Logger -TESTCASE INITIALIZED
06/12/2024 08:46:35 PM - INFO - test_Logger -Navigated to Sign In Page
06/12/2024 08:46:35 PM - INFO - test_Logger -Navigated to Sign In Page
06/12/2024 08:46:35 PM - INFO - test_Logger -Entered email: user20@gmail.com
06/12/2024 08:46:35 PM - INFO - test_Logger -Entered email: user20@gmail.com
06/12/2024 08:46:37 PM - INFO - test_Logger -Clicked Create Account button
06/12/2024 08:46:37 PM - INFO - test_Logger -Clicked Create Account button
06/12/2024 08:46:40 PM - INFO - test_Logger -Selected title: Mr
06/12/2024 08:46:40 PM - INFO - test_Logger -Selected title: Mr
06/12/2024 08:46:42 PM - INFO - test_Logger -Selected first name: sandip
06/12/2024 08:46:42 PM - INFO - test_Logger -Selected first name: sandip
06/12/2024 08:46:44 PM - INFO - test_Logger -Selected last name: thombare
06/12/2024 08:46:44 PM - INFO - test_Logger -Selected last name: thombare
06/12/2024 08:46:46 PM - INFO - test_Logger -Entered password
06/12/2024 08:46:46 PM - INFO - test_Logger -Entered password
06/12/2024 08:46:53 PM - INFO - test_Logger -------------test finished---------------
06/12/2024 08:46:53 PM - INFO - test_Logger -------------test finished---------------
06/12/2024 08:48:00 PM - INFO - test_Logger -------------config---------------
06/12/2024 08:48:00 PM - INFO - test_Logger -------------config---------------
06/12/2024 08:48:00 PM - INFO - test_Logger -------------setup---------------
06/12/2024 08:48:00 PM - INFO - test_Logger -------------setup---------------
06/12/2024 08:48:15 PM - INFO - test_Logger -------------TC001---------------
06/12/2024 08:48:15 PM - INFO - test_Logger -------------TC001---------------
06/12/2024 08:48:15 PM - INFO - test_Logger -TESTCASE INITIALIZED
06/12/2024 08:48:15 PM - INFO - test_Logger -TESTCASE INITIALIZED
06/12/2024 08:48:17 PM - INFO - test_Logger -Navigated to Sign In Page
06/12/2024 08:48:17 PM - INFO - test_Logger -Navigated to Sign In Page
06/12/2024 08:48:17 PM - INFO - test_Logger -Entered email: user20@gmail.com
06/12/2024 08:48:17 PM - INFO - test_Logger -Entered email: user20@gmail.com
06/12/2024 08:48:19 PM - INFO - test_Logger -Clicked Create Account button
06/12/2024 08:48:19 PM - INFO - test_Logger -Clicked Create Account button
06/12/2024 08:48:21 PM - INFO - test_Logger -Selected title: Mr
06/12/2024 08:48:21 PM - INFO - test_Logger -Selected title: Mr
06/12/2024 08:48:23 PM - INFO - test_Logger -Selected first name: sandip
06/12/2024 08:48:23 PM - INFO - test_Logger -Selected first name: sandip
06/12/2024 08:48:25 PM - INFO - test_Logger -Selected last name: thombare
06/12/2024 08:48:25 PM - INFO - test_Logger -Selected last name: thombare
06/12/2024 08:48:29 PM - INFO - test_Logger -Entered password
06/12/2024 08:48:29 PM - INFO - test_Logger -Entered password
06/12/2024 08:48:38 PM - INFO - test_Logger -------------test finished---------------
06/12/2024 08:48:38 PM - INFO - test_Logger -------------test finished---------------
06/12/2024 08:58:36 PM - INFO - test_Logger -------------config---------------
06/12/2024 08:58:36 PM - INFO - test_Logger -------------setup---------------
06/12/2024 08:58:50 PM - INFO - test_Logger -------------TC001---------------
06/12/2024 08:58:50 PM - INFO - test_Logger -TESTCASE INITIALIZED
06/12/2024 08:58:52 PM - INFO - test_Logger -Navigated to Sign In Page
06/12/2024 08:58:52 PM - INFO - test_Logger -Entered email: user20@gmail.com
06/12/2024 08:58:54 PM - INFO - test_Logger -Clicked Create Account button
06/12/2024 08:58:56 PM - INFO - test_Logger -Selected title: Mr
06/12/2024 08:58:58 PM - INFO - test_Logger -Selected first name: sandip
06/12/2024 08:59:00 PM - INFO - test_Logger -Selected last name: thombare
06/12/2024 08:59:03 PM - INFO - test_Logger -Entered password
06/12/2024 08:59:11 PM - INFO - test_Logger -------------test finished---------------
06/12/2024 09:14:50 PM - INFO - test_Logger -------------config---------------
06/12/2024 09:14:50 PM - INFO - test_Logger -------------setup---------------
06/12/2024 09:15:09 PM - INFO - test_Logger -------------TC001---------------
06/12/2024 09:15:09 PM - INFO - test_Logger -TESTCASE INITIALIZED
06/12/2024 09:15:10 PM - INFO - test_Logger -Navigated to Sign In Page
06/12/2024 09:15:10 PM - INFO - test_Logger -Entered email: user20@gmail.com
06/12/2024 09:15:13 PM - INFO - test_Logger -Clicked Create Account button
06/12/2024 09:15:15 PM - INFO - test_Logger -Selected title: Mr
06/12/2024 09:15:17 PM - INFO - test_Logger -Selected first name: sandip
06/12/2024 09:15:19 PM - INFO - test_Logger -Selected last name: thombare
06/12/2024 09:15:21 PM - INFO - test_Logger -Entered password
06/12/2024 09:15:29 PM - INFO - test_Logger -------------test finished---------------
06/12/2024 09:20:11 PM - INFO - test_Logger -------------config---------------
06/12/2024 09:20:11 PM - INFO - test_Logger -------------setup---------------
06/12/2024 09:20:26 PM - INFO - test_Logger -------------TC001---------------
06/12/2024 09:20:26 PM - INFO - test_Logger -TESTCASE INITIALIZED
06/12/2024 09:20:27 PM - INFO - test_Logger -Navigated to Sign In Page
06/12/2024 09:20:27 PM - INFO - test_Logger -Entered email: user20@gmail.com
06/12/2024 09:20:30 PM - INFO - test_Logger -Clicked Create Account button
06/12/2024 09:20:32 PM - INFO - test_Logger -Selected title: Mr
06/12/2024 09:20:34 PM - INFO - test_Logger -Selected first name: sandip
06/12/2024 09:20:36 PM - INFO - test_Logger -Selected last name: thombare
06/12/2024 09:20:38 PM - INFO - test_Logger -Entered password
06/12/2024 09:20:45 PM - INFO - test_Logger -------------test finished---------------
06/12/2024 09:22:42 PM - INFO - test_Logger -------------config---------------
06/12/2024 09:22:42 PM - INFO - test_Logger -------------setup---------------
06/12/2024 09:23:05 PM - INFO - test_Logger -------------config---------------
06/12/2024 09:23:05 PM - INFO - test_Logger -------------setup---------------
06/12/2024 09:23:20 PM - INFO - test_Logger -------------TC001---------------
06/12/2024 09:23:20 PM - INFO - test_Logger -TESTCASE INITIALIZED
06/12/2024 09:23:21 PM - INFO - test_Logger -Navigated to Sign In Page
06/12/2024 09:23:22 PM - INFO - test_Logger -Entered email: user20@gmail.com
06/12/2024 09:23:24 PM - INFO - test_Logger -Clicked Create Account button
06/12/2024 09:23:26 PM - INFO - test_Logger -Selected title: Mr
06/12/2024 09:23:28 PM - INFO - test_Logger -Selected first name: sandip
06/12/2024 09:23:30 PM - INFO - test_Logger -Selected last name: thombare
06/12/2024 09:23:32 PM - INFO - test_Logger -Entered password
06/12/2024 09:23:40 PM - INFO - test_Logger -------------test finished---------------
06/12/2024 09:24:41 PM - INFO - test_Logger -------------config---------------
06/12/2024 09:24:41 PM - INFO - test_Logger -------------setup---------------
06/12/2024 09:24:59 PM - INFO - test_Logger -------------TC001---------------
06/12/2024 09:24:59 PM - INFO - test_Logger -TESTCASE INITIALIZED
06/12/2024 09:25:00 PM - INFO - test_Logger -Navigated to Sign In Page
06/12/2024 09:25:01 PM - INFO - test_Logger -Entered email: user11@gmail.com
06/12/2024 09:25:03 PM - INFO - test_Logger -Clicked Create Account button
06/12/2024 09:25:18 PM - INFO - test_Logger -------------test finished---------------
06/12/2024 09:52:02 PM - INFO - test_Logger -------------config---------------
06/12/2024 09:52:02 PM - INFO - test_Logger -------------setup---------------
06/12/2024 09:52:19 PM - INFO - test_Logger -------------TC001---------------
06/12/2024 09:52:19 PM - INFO - test_Logger -TESTCASE INITIALIZED
06/12/2024 09:52:20 PM - INFO - test_Logger -Navigated to Sign In Page
06/12/2024 09:52:20 PM - INFO - test_Logger -Entered email: user11@gmail.com
06/12/2024 09:52:22 PM - INFO - test_Logger -Clicked Create Account button
06/12/2024 09:52:38 PM - INFO - test_Logger -------------test finished---------------
06/12/2024 10:03:47 PM - INFO - test_Logger -------------config---------------
06/12/2024 10:03:47 PM - INFO - test_Logger -------------setup---------------
06/12/2024 10:04:05 PM - INFO - test_Logger -------------TC001---------------
06/12/2024 10:04:05 PM - INFO - test_Logger -TESTCASE INITIALIZED
06/12/2024 10:04:07 PM - INFO - test_Logger -Navigated to Sign In Page
06/12/2024 10:04:07 PM - INFO - test_Logger -Entered email: user11@gmail.com
06/12/2024 10:04:10 PM - INFO - test_Logger -Clicked Create Account button
06/12/2024 10:04:27 PM - INFO - test_Logger -------------test finished---------------
